<?xml version="1.0" encoding="UTF-8"?>
<testsuite xmlns:xsi="http://www.w3.org/2001/XMLSchema-instance" xsi:noNamespaceSchemaLocation="https://maven.apache.org/surefire/maven-surefire-plugin/xsd/surefire-test-report-3.0.xsd" version="3.0" name="hellocucumber.RunCucumberTest" time="0.149" tests="2" errors="0" skipped="0" failures="0">
  <properties>
[...]
</properties>
  <testcase name="The example 1" classname="An example" time="0.056">
    <system-out><![CDATA[
Scenario: The example 1               &amp#27;[90m# hellocucumber/example.feature:3&amp#27;[0m
  &amp#27;[32mGiven &amp#27;[0m&amp#27;[32madd rate &amp#27;[0m&amp#27;[32m&amp#27;[1m"USD"&amp#27;[0m&amp#27;[32m, &amp#27;[0m&amp#27;[32m&amp#27;[1m"JPY"&amp#27;[0m&amp#27;[32m, &amp#27;[0m&amp#27;[32m&amp#27;[1m132.62&amp#27;[0m &amp#27;[90m# hellocucumber.StepDefinitions.add_rate(java.lang.String,java.lang.String,java.lang.Double)&amp#27;[0m
  &amp#27;[32mGiven &amp#27;[0m&amp#27;[32madd rate &amp#27;[0m&amp#27;[32m&amp#27;[1m"USD"&amp#27;[0m&amp#27;[32m, &amp#27;[0m&amp#27;[32m&amp#27;[1m"AUD"&amp#27;[0m&amp#27;[32m, &amp#27;[0m&amp#27;[32m&amp#27;[1m1.40&amp#27;[0m   &amp#27;[90m# hellocucumber.StepDefinitions.add_rate(java.lang.String,java.lang.String,java.lang.Double)&amp#27;[0m
  &amp#27;[32mGiven &amp#27;[0m&amp#27;[32madd rate &amp#27;[0m&amp#27;[32m&amp#27;[1m"JPY"&amp#27;[0m&amp#27;[32m, &amp#27;[0m&amp#27;[32m&amp#27;[1m"GBP"&amp#27;[0m&amp#27;[32m, &amp#27;[0m&amp#27;[32m&amp#27;[1m0.0062&amp#27;[0m &amp#27;[90m# hellocucumber.StepDefinitions.add_rate(java.lang.String,java.lang.String,java.lang.Double)&amp#27;[0m
  &amp#27;[32mGiven &amp#27;[0m&amp#27;[32madd wanted &amp#27;[0m&amp#27;[32m&amp#27;[1m"AUD"&amp#27;[0m&amp#27;[32m, &amp#27;[0m&amp#27;[32m&amp#27;[1m"USD"&amp#27;[0m&amp#27;[32m, &amp#27;[0m&amp#27;[32m&amp#27;[1m1.0&amp#27;[0m  &amp#27;[90m# hellocucumber.StepDefinitions.add_wanted(java.lang.String,java.lang.String,java.lang.Double)&amp#27;[0m
  &amp#27;[32mGiven &amp#27;[0m&amp#27;[32mexpected result &amp#27;[0m&amp#27;[32m&amp#27;[1m0.71&amp#27;[0m          &amp#27;[90m# hellocucumber.StepDefinitions.add_wanted(java.lang.Double)&amp#27;[0m
  &amp#27;[32mWhen &amp#27;[0m&amp#27;[32msolve the problem&amp#27;[0m              &amp#27;[90m# hellocucumber.StepDefinitions.allStepDefinitionsAreImplemented()&amp#27;[0m
  &amp#27;[32mThen &amp#27;[0m&amp#27;[32mthe results match&amp#27;[0m              &amp#27;[90m# hellocucumber.StepDefinitions.theScenarioPasses()&amp#27;[0m
]]></system-out>
  </testcase>
  <testcase name="The example 2" classname="An example" time="0.009">
    <system-out><![CDATA[
Scenario: The example 2               &amp#27;[90m# hellocucumber/example.feature:12&amp#27;[0m
  &amp#27;[32mGiven &amp#27;[0m&amp#27;[32madd rate &amp#27;[0m&amp#27;[32m&amp#27;[1m"USD"&amp#27;[0m&amp#27;[32m, &amp#27;[0m&amp#27;[32m&amp#27;[1m"JPY"&amp#27;[0m&amp#27;[32m, &amp#27;[0m&amp#27;[32m&amp#27;[1m132.62&amp#27;[0m &amp#27;[90m# hellocucumber.StepDefinitions.add_rate(java.lang.String,java.lang.String,java.lang.Double)&amp#27;[0m
  &amp#27;[32mGiven &amp#27;[0m&amp#27;[32madd rate &amp#27;[0m&amp#27;[32m&amp#27;[1m"USD"&amp#27;[0m&amp#27;[32m, &amp#27;[0m&amp#27;[32m&amp#27;[1m"AUD"&amp#27;[0m&amp#27;[32m, &amp#27;[0m&amp#27;[32m&amp#27;[1m1.40&amp#27;[0m   &amp#27;[90m# hellocucumber.StepDefinitions.add_rate(java.lang.String,java.lang.String,java.lang.Double)&amp#27;[0m
  &amp#27;[32mGiven &amp#27;[0m&amp#27;[32madd rate &amp#27;[0m&amp#27;[32m&amp#27;[1m"AUD"&amp#27;[0m&amp#27;[32m, &amp#27;[0m&amp#27;[32m&amp#27;[1m"TRY"&amp#27;[0m&amp#27;[32m, &amp#27;[0m&amp#27;[32m&amp#27;[1m12.79&amp#27;[0m  &amp#27;[90m# hellocucumber.StepDefinitions.add_rate(java.lang.String,java.lang.String,java.lang.Double)&amp#27;[0m
  &amp#27;[32mGiven &amp#27;[0m&amp#27;[32madd rate &amp#27;[0m&amp#27;[32m&amp#27;[1m"EUR"&amp#27;[0m&amp#27;[32m, &amp#27;[0m&amp#27;[32m&amp#27;[1m"TRY"&amp#27;[0m&amp#27;[32m, &amp#27;[0m&amp#27;[32m&amp#27;[1m18.58&amp#27;[0m  &amp#27;[90m# hellocucumber.StepDefinitions.add_rate(java.lang.String,java.lang.String,java.lang.Double)&amp#27;[0m
  &amp#27;[32mGiven &amp#27;[0m&amp#27;[32madd rate &amp#27;[0m&amp#27;[32m&amp#27;[1m"JPY"&amp#27;[0m&amp#27;[32m, &amp#27;[0m&amp#27;[32m&amp#27;[1m"GBP"&amp#27;[0m&amp#27;[32m, &amp#27;[0m&amp#27;[32m&amp#27;[1m0.0062&amp#27;[0m &amp#27;[90m# hellocucumber.StepDefinitions.add_rate(java.lang.String,java.lang.String,java.lang.Double)&amp#27;[0m
  &amp#27;[32mGiven &amp#27;[0m&amp#27;[32madd wanted &amp#27;[0m&amp#27;[32m&amp#27;[1m"GBP"&amp#27;[0m&amp#27;[32m, &amp#27;[0m&amp#27;[32m&amp#27;[1m"EUR"&amp#27;[0m&amp#27;[32m, &amp#27;[0m&amp#27;[32m&amp#27;[1m1.0&amp#27;[0m  &amp#27;[90m# hellocucumber.StepDefinitions.add_wanted(java.lang.String,java.lang.String,java.lang.Double)&amp#27;[0m
  &amp#27;[32mGiven &amp#27;[0m&amp#27;[32mexpected result &amp#27;[0m&amp#27;[32m&amp#27;[1m1.17&amp#27;[0m          &amp#27;[90m# hellocucumber.StepDefinitions.add_wanted(java.lang.Double)&amp#27;[0m
  &amp#27;[32mWhen &amp#27;[0m&amp#27;[32msolve the problem&amp#27;[0m              &amp#27;[90m# hellocucumber.StepDefinitions.allStepDefinitionsAreImplemented()&amp#27;[0m
  &amp#27;[32mThen &amp#27;[0m&amp#27;[32mthe results match&amp#27;[0m              &amp#27;[90m# hellocucumber.StepDefinitions.theScenarioPasses()&amp#27;[0m
]]></system-out>
  </testcase>
</testsuite>